This is XeTeX, Version 3.14159265-2.6-0.999991 (TeX Live 2019) (preloaded format=xelatex 2019.9.12)  15 JAN 2020 21:29
entering extended mode
 \write18 enabled.
 %&-line parsing enabled.
**subfiglist.tex
(./subfiglist.tex
LaTeX2e <2018-12-01>
(/usr/local/texlive/2019/texmf-dist/tex/latex/koma-script/scrartcl.cls
Document Class: scrartcl 2019/02/01 v3.26b KOMA-Script document class (article)

(/usr/local/texlive/2019/texmf-dist/tex/latex/koma-script/scrkbase.sty
Package: scrkbase 2019/02/01 v3.26b KOMA-Script package (KOMA-Script-dependent 
basics and keyval usage)

(/usr/local/texlive/2019/texmf-dist/tex/latex/koma-script/scrbase.sty
Package: scrbase 2019/02/01 v3.26b KOMA-Script package (KOMA-Script-independent
 basics and keyval usage)

(/usr/local/texlive/2019/texmf-dist/tex/latex/graphics/keyval.sty
Package: keyval 2014/10/28 v1.15 key=value parser (DPC)
\KV@toks@=\toks14
)
(/usr/local/texlive/2019/texmf-dist/tex/latex/koma-script/scrlfile.sty
Package: scrlfile 2019/02/01 v3.26b KOMA-Script package (loading files)
)))
(/usr/local/texlive/2019/texmf-dist/tex/latex/koma-script/tocbasic.sty
Package: tocbasic 2019/02/01 v3.26b KOMA-Script package (handling toc-files)
\scr@dte@tocline@numberwidth=\skip41
\scr@dte@tocline@numbox=\box27
)
Package tocbasic Info: omitting babel extension for `toc'
(tocbasic)             because of feature `nobabel' available
(tocbasic)             for `toc' on input line 134.
Class scrartcl Info: Switching compatibility level to `3.12'.
Class scrartcl Info: File `scrsize11pt.clo' used instead of
(scrartcl)           file `scrsize11.clo' to setup font sizes on input line 216
2.

(/usr/local/texlive/2019/texmf-dist/tex/latex/koma-script/scrsize11pt.clo
File: scrsize11pt.clo 2019/02/01 v3.26b KOMA-Script font size class option (11p
t)
)
(/usr/local/texlive/2019/texmf-dist/tex/latex/koma-script/typearea.sty
Package: typearea 2019/02/01 v3.26b KOMA-Script package (type area)
\ta@bcor=\skip42
\ta@div=\count80
Package typearea Info: Switching compatibility level to `3.12'.
\ta@hblk=\skip43
\ta@vblk=\skip44
\ta@temp=\skip45
\footheight=\skip46
Package typearea Info: These are the values describing the layout:
(typearea)             DIV  = 10
(typearea)             BCOR = 0.0pt
(typearea)             \paperwidth      = 597.50793pt
(typearea)              \textwidth      = 418.25555pt
(typearea)              DIV departure   = -6%
(typearea)              \evensidemargin = 17.3562pt
(typearea)              \oddsidemargin  = 17.3562pt
(typearea)             \paperheight     = 845.04694pt
(typearea)              \textheight     = 595.80026pt
(typearea)              \topmargin      = -25.16531pt
(typearea)              \headheight     = 17.0pt
(typearea)              \headsep        = 20.40001pt
(typearea)              \topskip        = 11.0pt
(typearea)              \footskip       = 47.6pt
(typearea)              \baselineskip   = 13.6pt
(typearea)              on input line 1715.
)
\c@part=\count81
\c@section=\count82
\c@subsection=\count83
\c@subsubsection=\count84
\c@paragraph=\count85
\c@subparagraph=\count86
\scr@dte@section@maxnumwidth=\skip47
Class scrartcl Info: using compatibility default `runin=bysign'
(scrartcl)           for `\section on input line 4489.
Class scrartcl Info: using compatibility default `afterindent=bysign'
(scrartcl)           for `\section on input line 4489.
\scr@dte@part@maxnumwidth=\skip48
Class scrartcl Info: using compatibility default `afterindent=false'
(scrartcl)           for `\part on input line 4497.
\scr@dte@subsection@maxnumwidth=\skip49
Class scrartcl Info: using compatibility default `runin=bysign'
(scrartcl)           for `\subsection on input line 4507.
Class scrartcl Info: using compatibility default `afterindent=bysign'
(scrartcl)           for `\subsection on input line 4507.
\scr@dte@subsubsection@maxnumwidth=\skip50
Class scrartcl Info: using compatibility default `runin=bysign'
(scrartcl)           for `\subsubsection on input line 4517.
Class scrartcl Info: using compatibility default `afterindent=bysign'
(scrartcl)           for `\subsubsection on input line 4517.
\scr@dte@paragraph@maxnumwidth=\skip51
Class scrartcl Info: using compatibility default `runin=bysign'
(scrartcl)           for `\paragraph on input line 4527.
Class scrartcl Info: using compatibility default `afterindent=bysign'
(scrartcl)           for `\paragraph on input line 4527.
\scr@dte@subparagraph@maxnumwidth=\skip52
Class scrartcl Info: using compatibility default `runin=bysign'
(scrartcl)           for `\subparagraph on input line 4537.
Class scrartcl Info: using compatibility default `afterindent=bysign'
(scrartcl)           for `\subparagraph on input line 4537.
\abovecaptionskip=\skip53
\belowcaptionskip=\skip54
\c@pti@nb@sid@b@x=\box28
Package tocbasic Info: omitting babel extension for `lof'
(tocbasic)             because of feature `nobabel' available
(tocbasic)             for `lof' on input line 5781.
\scr@dte@figure@maxnumwidth=\skip55
\c@figure=\count87
Package tocbasic Info: omitting babel extension for `lot'
(tocbasic)             because of feature `nobabel' available
(tocbasic)             for `lot' on input line 5793.
\scr@dte@table@maxnumwidth=\skip56
\c@table=\count88
Class scrartcl Info: Using old \@makefntext due to compatibility level
(scrartcl)           less than 3.22 on input line 5944.
Class scrartcl Info: Redefining `\numberline' on input line 5957.
\bibindent=\dimen102
)
(/usr/local/texlive/2019/texmf-dist/tex/latex/base/inputenc.sty
Package: inputenc 2018/08/11 v1.3c Input encoding file
\inpenc@prehook=\toks15
\inpenc@posthook=\toks16


Package inputenc Warning: inputenc package ignored with utf8 based engines.

) (/usr/local/texlive/2019/texmf-dist/tex/latex/base/fontenc.sty
Package: fontenc 2018/08/11 v2.0j Standard LaTeX package

(/usr/local/texlive/2019/texmf-dist/tex/latex/base/t1enc.def
File: t1enc.def 2018/08/11 v2.0j Standard LaTeX file
LaTeX Font Info:    Redeclaring font encoding T1 on input line 48.
)
LaTeX Font Info:    Try loading font information for T1+lmr on input line 105.

(/usr/local/texlive/2019/texmf-dist/tex/latex/lm/t1lmr.fd
File: t1lmr.fd 2009/10/30 v1.6 Font defs for Latin Modern
))
(/usr/local/texlive/2019/texmf-dist/tex/generic/babel/babel.sty
Package: babel 2019/07/19 3.33 The Babel package

(/usr/local/texlive/2019/texmf-dist/tex/generic/babel/switch.def
File: switch.def 2019/07/19 3.33 Babel switching mechanism
)
(/usr/local/texlive/2019/texmf-dist/tex/generic/babel-german/ngerman.ldf
Language: ngerman 2018/12/08 v2.11 German support for babel (post-1996 orthogra
phy)

(/usr/local/texlive/2019/texmf-dist/tex/generic/babel-german/ngermanb.ldf
Language: ngermanb 2018/12/08 v2.11 German support for babel (post-1996 orthogr
aphy)

(/usr/local/texlive/2019/texmf-dist/tex/generic/babel/babel.def
File: babel.def 2019/07/19 3.33 Babel common definitions
\babel@savecnt=\count89
\U@D=\dimen103

(/usr/local/texlive/2019/texmf-dist/tex/generic/babel/xebabel.def
(/usr/local/texlive/2019/texmf-dist/tex/generic/babel/txtbabel.def))
\bbl@dirlevel=\count90
)
Package babel Info: Making " an active character on input line 121.
))
(/usr/local/texlive/2019/texmf-dist/tex/generic/babel-english/american.ldf
Language: american 2017/06/06 v3.3r English support from the babel system

(/usr/local/texlive/2019/texmf-dist/tex/generic/babel-english/english.ldf
Language: english 2017/06/06 v3.3r English support from the babel system
\l@canadian = a dialect from \language\l@american 
\l@australian = a dialect from \language\l@british 
\l@newzealand = a dialect from \language\l@british 
))
(/usr/local/texlive/2019/texmf-dist/tex/generic/babel-english/american.ldf
Language: american 2017/06/06 v3.3r English support from the babel system

(/usr/local/texlive/2019/texmf-dist/tex/generic/babel-english/english.ldf
Language: english 2017/06/06 v3.3r English support from the babel system
)))
Class scrartcl Info: File `scrsize12pt.clo' used instead of
(scrartcl)           file `scrsize12.clo' to setup font sizes on input line 23.


(/usr/local/texlive/2019/texmf-dist/tex/latex/koma-script/scrsize12pt.clo
File: scrsize12pt.clo 2019/02/01 v3.26b KOMA-Script font size class option (12p
t)
)
Package typearea Info: These are the values describing the layout:
(typearea)             DIV  = 12
(typearea)             BCOR = 0.0pt
(typearea)             \paperwidth      = 597.50793pt
(typearea)              \textwidth      = 448.13095pt
(typearea)              DIV departure   = -6%
(typearea)              \evensidemargin = 2.4185pt
(typearea)              \oddsidemargin  = 2.4185pt
(typearea)             \paperheight     = 845.04694pt
(typearea)              \textheight     = 635.5pt
(typearea)              \topmargin      = -41.72441pt
(typearea)              \headheight     = 18.125pt
(typearea)              \headsep        = 21.75pt
(typearea)              \topskip        = 12.0pt
(typearea)              \footskip       = 50.75pt
(typearea)              \baselineskip   = 14.5pt
(typearea)              on input line 25.
Package typearea Info: These are the values describing the layout:
(typearea)             DIV  = 14
(typearea)             BCOR = 0.0pt
(typearea)             \paperwidth      = 597.50793pt
(typearea)              \textwidth      = 469.47052pt
(typearea)              DIV departure   = -11%
(typearea)              \evensidemargin = -8.25128pt
(typearea)              \oddsidemargin  = -8.25128pt
(typearea)             \paperheight     = 845.04694pt
(typearea)              \textheight     = 664.5pt
(typearea)              \topmargin      = -51.7845pt
(typearea)              \headheight     = 18.125pt
(typearea)              \headsep        = 21.75pt
(typearea)              \topskip        = 12.0pt
(typearea)              \footskip       = 50.75pt
(typearea)              \baselineskip   = 14.5pt
(typearea)              on input line 26.
Package typearea Info: These are the values describing the layout:
(typearea)             DIV  = 14
(typearea)             BCOR = 0.0pt
(typearea)             \paperwidth      = 597.50793pt
(typearea)              \textwidth      = 469.47052pt
(typearea)              DIV departure   = -11%
(typearea)              \evensidemargin = -8.25128pt
(typearea)              \oddsidemargin  = -8.25128pt
(typearea)             \paperheight     = 845.04694pt
(typearea)              \textheight     = 635.5pt
(typearea)              \topmargin      = -11.9095pt
(typearea)              \headheight     = 18.125pt
(typearea)              \headsep        = 21.75pt
(typearea)              \topskip        = 12.0pt
(typearea)              \footskip       = 50.75pt
(typearea)              \baselineskip   = 14.5pt
(typearea)              on input line 36.

(/usr/local/texlive/2019/texmf-dist/tex/latex/etoolbox/etoolbox.sty
Package: etoolbox 2019/09/09 v2.5g e-TeX tools for LaTeX (JAW)
\etb@tempcnta=\count91
)
(/usr/local/texlive/2019/texmf-dist/tex/latex/fancyvrb/fancyvrb.sty
Package: fancyvrb 2019/01/15

Style option: `fancyvrb' v3.2a <2019/01/15> (tvz)
\FV@CodeLineNo=\count92
\FV@InFile=\read1
\FV@TabBox=\box29
\c@FancyVerbLine=\count93
\FV@StepNumber=\count94
\FV@OutFile=\write3
)
(/usr/local/texlive/2019/texmf-dist/tex/generic/oberdiek/hologo.sty
Package: hologo 2017/05/01 v1.13 A logo collection with bookmark support (HO)

(/usr/local/texlive/2019/texmf-dist/tex/generic/oberdiek/ltxcmds.sty
Package: ltxcmds 2016/05/16 v1.23 LaTeX kernel commands for general use (HO)
)
(/usr/local/texlive/2019/texmf-dist/tex/generic/oberdiek/infwarerr.sty
Package: infwarerr 2016/05/16 v1.4 Providing info/warning/error messages (HO)
)
(/usr/local/texlive/2019/texmf-dist/tex/generic/oberdiek/kvsetkeys.sty
Package: kvsetkeys 2016/05/16 v1.17 Key value parser (HO)

(/usr/local/texlive/2019/texmf-dist/tex/generic/oberdiek/etexcmds.sty
Package: etexcmds 2016/05/16 v1.6 Avoid name clashes with e-TeX commands (HO)

(/usr/local/texlive/2019/texmf-dist/tex/generic/oberdiek/ifluatex.sty
Package: ifluatex 2016/05/16 v1.4 Provides the ifluatex switch (HO)
Package ifluatex Info: LuaTeX not detected.
)))
(/usr/local/texlive/2019/texmf-dist/tex/generic/oberdiek/kvdefinekeys.sty
Package: kvdefinekeys 2016/05/16 v1.4 Define keys (HO)
)
(/usr/local/texlive/2019/texmf-dist/tex/generic/oberdiek/pdftexcmds.sty
Package: pdftexcmds 2019/07/25 v0.30 Utility functions of pdfTeX for LuaTeX (HO
)

(/usr/local/texlive/2019/texmf-dist/tex/generic/oberdiek/ifpdf.sty
Package: ifpdf 2018/09/07 v3.3 Provides the ifpdf switch
)
Package pdftexcmds Info: LuaTeX not detected.
Package pdftexcmds Info: pdfTeX >= 1.30 not detected.
Package pdftexcmds Info: \pdf@primitive is available.
Package pdftexcmds Info: \pdf@ifprimitive is available.
Package pdftexcmds Info: \pdfdraftmode not found.
)
(/usr/local/texlive/2019/texmf-dist/tex/generic/ifxetex/ifxetex.sty
Package: ifxetex 2010/09/12 v0.6 Provides ifxetex conditional
)
(/usr/local/texlive/2019/texmf-dist/tex/generic/oberdiek/ifvtex.sty
Package: ifvtex 2016/05/16 v1.6 Detect VTeX and its facilities (HO)
Package ifvtex Info: VTeX not detected.
)
(/usr/local/texlive/2019/texmf-dist/tex/latex/oberdiek/kvoptions.sty
Package: kvoptions 2016/05/16 v3.12 Key value format for package options (HO)
)
Package hologo Info: Using driver `xetex'.
)
(/usr/local/texlive/2019/texmf-dist/tex/latex/koma-script/scrpage2.sty
Package: scrpage2 2019/02/01 v3.26b KOMA-Script package (page head and foot)


Package scrpage2 Warning: usage of obsolete package!
(scrpage2)                Package `scrpage2' is obsolete.
(scrpage2)                You should not longer use package `scrpage2'.
(scrpage2)                You should replace usage of package `scrpage2'
(scrpage2)                by `scrlayer-scrpage' on input line 52.

LaTeX Info: Redefining \pagemark on input line 180.
) (/usr/local/texlive/2019/texmf-dist/tex/latex/lm/lmodern.sty
Package: lmodern 2009/10/30 v1.6 Latin Modern Fonts
LaTeX Font Info:    Overwriting symbol font `operators' in version `normal'
(Font)                  OT1/cmr/m/n --> OT1/lmr/m/n on input line 22.
LaTeX Font Info:    Overwriting symbol font `letters' in version `normal'
(Font)                  OML/cmm/m/it --> OML/lmm/m/it on input line 23.
LaTeX Font Info:    Overwriting symbol font `symbols' in version `normal'
(Font)                  OMS/cmsy/m/n --> OMS/lmsy/m/n on input line 24.
LaTeX Font Info:    Overwriting symbol font `largesymbols' in version `normal'
(Font)                  OMX/cmex/m/n --> OMX/lmex/m/n on input line 25.
LaTeX Font Info:    Overwriting symbol font `operators' in version `bold'
(Font)                  OT1/cmr/bx/n --> OT1/lmr/bx/n on input line 26.
LaTeX Font Info:    Overwriting symbol font `letters' in version `bold'
(Font)                  OML/cmm/b/it --> OML/lmm/b/it on input line 27.
LaTeX Font Info:    Overwriting symbol font `symbols' in version `bold'
(Font)                  OMS/cmsy/b/n --> OMS/lmsy/b/n on input line 28.
LaTeX Font Info:    Overwriting symbol font `largesymbols' in version `bold'
(Font)                  OMX/cmex/m/n --> OMX/lmex/m/n on input line 29.
LaTeX Font Info:    Overwriting math alphabet `\mathbf' in version `normal'
(Font)                  OT1/cmr/bx/n --> OT1/lmr/bx/n on input line 31.
LaTeX Font Info:    Overwriting math alphabet `\mathsf' in version `normal'
(Font)                  OT1/cmss/m/n --> OT1/lmss/m/n on input line 32.
LaTeX Font Info:    Overwriting math alphabet `\mathit' in version `normal'
(Font)                  OT1/cmr/m/it --> OT1/lmr/m/it on input line 33.
LaTeX Font Info:    Overwriting math alphabet `\mathtt' in version `normal'
(Font)                  OT1/cmtt/m/n --> OT1/lmtt/m/n on input line 34.
LaTeX Font Info:    Overwriting math alphabet `\mathbf' in version `bold'
(Font)                  OT1/cmr/bx/n --> OT1/lmr/bx/n on input line 35.
LaTeX Font Info:    Overwriting math alphabet `\mathsf' in version `bold'
(Font)                  OT1/cmss/bx/n --> OT1/lmss/bx/n on input line 36.
LaTeX Font Info:    Overwriting math alphabet `\mathit' in version `bold'
(Font)                  OT1/cmr/bx/it --> OT1/lmr/bx/it on input line 37.
LaTeX Font Info:    Overwriting math alphabet `\mathtt' in version `bold'
(Font)                  OT1/cmtt/m/n --> OT1/lmtt/m/n on input line 38.
)
(/usr/local/texlive/2019/texmf-dist/tex/latex/base/textcomp.sty
Package: textcomp 2018/08/11 v2.0j Standard LaTeX package
Package textcomp Info: Sub-encoding information:
(textcomp)               5 = only ISO-Adobe without \textcurrency
(textcomp)               4 = 5 + \texteuro
(textcomp)               3 = 4 + \textohm
(textcomp)               2 = 3 + \textestimated + \textcurrency
(textcomp)               1 = TS1 - \textcircled - \t
(textcomp)               0 = TS1 (full)
(textcomp)             Font families with sub-encoding setting implement
(textcomp)             only a restricted character set as indicated.
(textcomp)             Family '?' is the default used for unknown fonts.
(textcomp)             See the documentation for details.
Package textcomp Info: Setting ? sub-encoding to TS1/1 on input line 79.

(/usr/local/texlive/2019/texmf-dist/tex/latex/base/ts1enc.def
File: ts1enc.def 2001/06/05 v3.0e (jk/car/fm) Standard LaTeX file
)
LaTeX Info: Redefining \oldstylenums on input line 334.
Package textcomp Info: Setting cmr sub-encoding to TS1/0 on input line 349.
Package textcomp Info: Setting cmss sub-encoding to TS1/0 on input line 350.
Package textcomp Info: Setting cmtt sub-encoding to TS1/0 on input line 351.
Package textcomp Info: Setting cmvtt sub-encoding to TS1/0 on input line 352.
Package textcomp Info: Setting cmbr sub-encoding to TS1/0 on input line 353.
Package textcomp Info: Setting cmtl sub-encoding to TS1/0 on input line 354.
Package textcomp Info: Setting ccr sub-encoding to TS1/0 on input line 355.
Package textcomp Info: Setting ptm sub-encoding to TS1/4 on input line 356.
Package textcomp Info: Setting pcr sub-encoding to TS1/4 on input line 357.
Package textcomp Info: Setting phv sub-encoding to TS1/4 on input line 358.
Package textcomp Info: Setting ppl sub-encoding to TS1/3 on input line 359.
Package textcomp Info: Setting pag sub-encoding to TS1/4 on input line 360.
Package textcomp Info: Setting pbk sub-encoding to TS1/4 on input line 361.
Package textcomp Info: Setting pnc sub-encoding to TS1/4 on input line 362.
Package textcomp Info: Setting pzc sub-encoding to TS1/4 on input line 363.
Package textcomp Info: Setting bch sub-encoding to TS1/4 on input line 364.
Package textcomp Info: Setting put sub-encoding to TS1/5 on input line 365.
Package textcomp Info: Setting uag sub-encoding to TS1/5 on input line 366.
Package textcomp Info: Setting ugq sub-encoding to TS1/5 on input line 367.
Package textcomp Info: Setting ul8 sub-encoding to TS1/4 on input line 368.
Package textcomp Info: Setting ul9 sub-encoding to TS1/4 on input line 369.
Package textcomp Info: Setting augie sub-encoding to TS1/5 on input line 370.
Package textcomp Info: Setting dayrom sub-encoding to TS1/3 on input line 371.
Package textcomp Info: Setting dayroms sub-encoding to TS1/3 on input line 372.

Package textcomp Info: Setting pxr sub-encoding to TS1/0 on input line 373.
Package textcomp Info: Setting pxss sub-encoding to TS1/0 on input line 374.
Package textcomp Info: Setting pxtt sub-encoding to TS1/0 on input line 375.
Package textcomp Info: Setting txr sub-encoding to TS1/0 on input line 376.
Package textcomp Info: Setting txss sub-encoding to TS1/0 on input line 377.
Package textcomp Info: Setting txtt sub-encoding to TS1/0 on input line 378.
Package textcomp Info: Setting lmr sub-encoding to TS1/0 on input line 379.
Package textcomp Info: Setting lmdh sub-encoding to TS1/0 on input line 380.
Package textcomp Info: Setting lmss sub-encoding to TS1/0 on input line 381.
Package textcomp Info: Setting lmssq sub-encoding to TS1/0 on input line 382.
Package textcomp Info: Setting lmvtt sub-encoding to TS1/0 on input line 383.
Package textcomp Info: Setting lmtt sub-encoding to TS1/0 on input line 384.
Package textcomp Info: Setting qhv sub-encoding to TS1/0 on input line 385.
Package textcomp Info: Setting qag sub-encoding to TS1/0 on input line 386.
Package textcomp Info: Setting qbk sub-encoding to TS1/0 on input line 387.
Package textcomp Info: Setting qcr sub-encoding to TS1/0 on input line 388.
Package textcomp Info: Setting qcs sub-encoding to TS1/0 on input line 389.
Package textcomp Info: Setting qpl sub-encoding to TS1/0 on input line 390.
Package textcomp Info: Setting qtm sub-encoding to TS1/0 on input line 391.
Package textcomp Info: Setting qzc sub-encoding to TS1/0 on input line 392.
Package textcomp Info: Setting qhvc sub-encoding to TS1/0 on input line 393.
Package textcomp Info: Setting futs sub-encoding to TS1/4 on input line 394.
Package textcomp Info: Setting futx sub-encoding to TS1/4 on input line 395.
Package textcomp Info: Setting futj sub-encoding to TS1/4 on input line 396.
Package textcomp Info: Setting hlh sub-encoding to TS1/3 on input line 397.
Package textcomp Info: Setting hls sub-encoding to TS1/3 on input line 398.
Package textcomp Info: Setting hlst sub-encoding to TS1/3 on input line 399.
Package textcomp Info: Setting hlct sub-encoding to TS1/5 on input line 400.
Package textcomp Info: Setting hlx sub-encoding to TS1/5 on input line 401.
Package textcomp Info: Setting hlce sub-encoding to TS1/5 on input line 402.
Package textcomp Info: Setting hlcn sub-encoding to TS1/5 on input line 403.
Package textcomp Info: Setting hlcw sub-encoding to TS1/5 on input line 404.
Package textcomp Info: Setting hlcf sub-encoding to TS1/5 on input line 405.
Package textcomp Info: Setting pplx sub-encoding to TS1/3 on input line 406.
Package textcomp Info: Setting pplj sub-encoding to TS1/3 on input line 407.
Package textcomp Info: Setting ptmx sub-encoding to TS1/4 on input line 408.
Package textcomp Info: Setting ptmj sub-encoding to TS1/4 on input line 409.
)
(/usr/local/texlive/2019/texmf-dist/tex/latex/microtype/microtype.sty
Package: microtype 2019/02/28 v2.7b Micro-typographical refinements (RS)
\MT@toks=\toks17
\MT@count=\count95
LaTeX Info: Redefining \textls on input line 790.
\MT@outer@kern=\dimen104
LaTeX Info: Redefining \textmicrotypecontext on input line 1336.
\MT@listname@count=\count96

(/usr/local/texlive/2019/texmf-dist/tex/latex/microtype/microtype-xetex.def
File: microtype-xetex.def 2019/02/28 v2.7b Definitions specific to xetex (RS)
LaTeX Info: Redefining \lsstyle on input line 258.
)
Package microtype Info: Loading configuration file microtype.cfg.

(/usr/local/texlive/2019/texmf-dist/tex/latex/microtype/microtype.cfg
File: microtype.cfg 2019/02/28 v2.7b microtype main configuration file (RS)
))
(/usr/local/texlive/2019/texmf-dist/tex/latex/tools/calc.sty
Package: calc 2017/05/25 v4.3 Infix arithmetic (KKT,FJ)
\calc@Acount=\count97
\calc@Bcount=\count98
\calc@Adimen=\dimen105
\calc@Bdimen=\dimen106
\calc@Askip=\skip57
\calc@Bskip=\skip58
LaTeX Info: Redefining \setlength on input line 80.
LaTeX Info: Redefining \addtolength on input line 81.
\calc@Ccount=\count99
\calc@Cskip=\skip59
)
(/usr/local/texlive/2019/texmf-dist/tex/latex/float/float.sty
Package: float 2001/11/08 v1.3d Float enhancements (AL)
\c@float@type=\count100
\float@exts=\toks18
\float@box=\box30
\@float@everytoks=\toks19
\@floatcapt=\box31
)
(/usr/local/texlive/2019/texmf-dist/tex/latex/caption/caption.sty
Package: caption 2019/09/01 v3.3d Customizing captions (AR)

(/usr/local/texlive/2019/texmf-dist/tex/latex/caption/caption3.sty
Package: caption3 2019/09/01 v1.8d caption3 kernel (AR)
Package caption3 Info: TeX engine: e-TeX on input line 64.
\captionmargin=\dimen107
\captionmargin@=\dimen108
\captionwidth=\dimen109
\caption@tempdima=\dimen110
\caption@indent=\dimen111
\caption@parindent=\dimen112
\caption@hangindent=\dimen113
)
Package caption Info: KOMA-Script document class.
\c@caption@flags=\count101
\c@ContinuedFloat=\count102
Package caption Info: float package is loaded.
)
(./subfiglist.sty
(/usr/local/texlive/2019/texmf-dist/tex/latex/l3kernel/expl3.sty
Package: expl3 2019-09-08 L3 programming layer (loader) 

(/usr/local/texlive/2019/texmf-dist/tex/latex/l3kernel/expl3-code.tex
Package: expl3 2019-09-08 L3 programming layer (code)
\c_max_int=\count103
\l_tmpa_int=\count104
\l_tmpb_int=\count105
\g_tmpa_int=\count106
\g_tmpb_int=\count107
\g__kernel_prg_map_int=\count108
\c__ior_term_noprompt_ior=\count109
\c_log_iow=\count110
\l_iow_line_count_int=\count111
\l__iow_line_target_int=\count112
\l__iow_one_indent_int=\count113
\l__iow_indent_int=\count114
\c_zero_dim=\dimen114
\c_max_dim=\dimen115
\l_tmpa_dim=\dimen116
\l_tmpb_dim=\dimen117
\g_tmpa_dim=\dimen118
\g_tmpb_dim=\dimen119
\c_zero_skip=\skip60
\c_max_skip=\skip61
\l_tmpa_skip=\skip62
\l_tmpb_skip=\skip63
\g_tmpa_skip=\skip64
\g_tmpb_skip=\skip65
\c_zero_muskip=\muskip10
\c_max_muskip=\muskip11
\l_tmpa_muskip=\muskip12
\l_tmpb_muskip=\muskip13
\g_tmpa_muskip=\muskip14
\g_tmpb_muskip=\muskip15
\l_keys_choice_int=\count115
\l__intarray_loop_int=\count116
\c__intarray_sp_dim=\dimen120
\g__intarray_font_int=\count117
\c__fp_leading_shift_int=\count118
\c__fp_middle_shift_int=\count119
\c__fp_trailing_shift_int=\count120
\c__fp_big_leading_shift_int=\count121
\c__fp_big_middle_shift_int=\count122
\c__fp_big_trailing_shift_int=\count123
\c__fp_Bigg_leading_shift_int=\count124
\c__fp_Bigg_middle_shift_int=\count125
\c__fp_Bigg_trailing_shift_int=\count126
\g__fp_array_int=\count127
\l__fp_array_loop_int=\count128
\l__sort_length_int=\count129
\l__sort_min_int=\count130
\l__sort_top_int=\count131
\l__sort_max_int=\count132
\l__sort_true_max_int=\count133
\l__sort_block_int=\count134
\l__sort_begin_int=\count135
\l__sort_end_int=\count136
\l__sort_A_int=\count137
\l__sort_B_int=\count138
\l__sort_C_int=\count139
\l__str_internal_int=\count140
\l__tl_analysis_normal_int=\count141
\l__tl_analysis_index_int=\count142
\l__tl_analysis_nesting_int=\count143
\l__tl_analysis_type_int=\count144
\l__regex_internal_a_int=\count145
\l__regex_internal_b_int=\count146
\l__regex_internal_c_int=\count147
\l__regex_balance_int=\count148
\l__regex_group_level_int=\count149
\l__regex_mode_int=\count150
\c__regex_cs_in_class_mode_int=\count151
\c__regex_cs_mode_int=\count152
\l__regex_catcodes_int=\count153
\l__regex_default_catcodes_int=\count154
\c__regex_catcode_L_int=\count155
\c__regex_catcode_O_int=\count156
\c__regex_catcode_A_int=\count157
\c__regex_all_catcodes_int=\count158
\l__regex_show_lines_int=\count159
\l__regex_min_state_int=\count160
\l__regex_max_state_int=\count161
\l__regex_left_state_int=\count162
\l__regex_right_state_int=\count163
\l__regex_capturing_group_int=\count164
\l__regex_min_pos_int=\count165
\l__regex_max_pos_int=\count166
\l__regex_curr_pos_int=\count167
\l__regex_start_pos_int=\count168
\l__regex_success_pos_int=\count169
\l__regex_curr_char_int=\count170
\l__regex_curr_catcode_int=\count171
\l__regex_last_char_int=\count172
\l__regex_case_changed_char_int=\count173
\l__regex_curr_state_int=\count174
\l__regex_step_int=\count175
\l__regex_min_active_int=\count176
\l__regex_max_active_int=\count177
\l__regex_replacement_csnames_int=\count178
\l__regex_match_count_int=\count179
\l__regex_min_submatch_int=\count180
\l__regex_submatch_int=\count181
\l__regex_zeroth_submatch_int=\count182
\g__regex_trace_regex_int=\count183
\c_empty_box=\box32
\l_tmpa_box=\box33
\l_tmpb_box=\box34
\g_tmpa_box=\box35
\g_tmpb_box=\box36
\l__box_top_dim=\dimen121
\l__box_bottom_dim=\dimen122
\l__box_left_dim=\dimen123
\l__box_right_dim=\dimen124
\l__box_top_new_dim=\dimen125
\l__box_bottom_new_dim=\dimen126
\l__box_left_new_dim=\dimen127
\l__box_right_new_dim=\dimen128
\l__box_internal_box=\box37
\l__coffin_internal_box=\box38
\l__coffin_internal_dim=\dimen129
\l__coffin_offset_x_dim=\dimen130
\l__coffin_offset_y_dim=\dimen131
\l__coffin_x_dim=\dimen132
\l__coffin_y_dim=\dimen133
\l__coffin_x_prime_dim=\dimen134
\l__coffin_y_prime_dim=\dimen135
\c_empty_coffin=\box39
\l__coffin_aligned_coffin=\box40
\l__coffin_aligned_internal_coffin=\box41
\l_tmpa_coffin=\box42
\l_tmpb_coffin=\box43
\g_tmpa_coffin=\box44
\g_tmpb_coffin=\box45
\l__coffin_bounding_shift_dim=\dimen136
\l__coffin_left_corner_dim=\dimen137
\l__coffin_right_corner_dim=\dimen138
\l__coffin_bottom_corner_dim=\dimen139
\l__coffin_top_corner_dim=\dimen140
\l__coffin_scaled_total_height_dim=\dimen141
\l__coffin_scaled_width_dim=\dimen142
\c__coffin_empty_coffin=\box46
\l__coffin_display_coffin=\box47
\l__coffin_display_coord_coffin=\box48
\l__coffin_display_pole_coffin=\box49
\l__coffin_display_offset_dim=\dimen143
\l__coffin_display_x_dim=\dimen144
\l__coffin_display_y_dim=\dimen145
\g__char_data_ior=\read2
\l__seq_internal_a_int=\count184
\l__seq_internal_b_int=\count185
)
(/usr/local/texlive/2019/texmf-dist/tex/latex/l3backend/l3backend-xdvipdfmx.def
File: l3backend-xdvipdfmx.def 2019-04-06 v L3 backend support: xdvipdfmx
\g__graphics_track_int=\count186
\l__pdf_internal_box=\box50
\g__pdf_backend_object_int=\count187
\g__pdf_backend_annotation_int=\count188
))
Package: subfiglist 2015/03/22 v1.0 labeled subfigures

(/usr/local/texlive/2019/texmf-dist/tex/latex/l3packages/l3keys2e/l3keys2e.sty
Package: l3keys2e 2019-05-28 LaTeX2e option processing using LaTeX3 keys
) (/usr/local/texlive/2019/texmf-dist/tex/latex/l3packages/xparse/xparse.sty
Package: xparse 2019-05-28 L3 Experimental document command parser
\l__xparse_current_arg_int=\count189
\g__xparse_grabber_int=\count190
\l__xparse_m_args_int=\count191
\l__xparse_v_nesting_int=\count192
)
(/usr/local/texlive/2019/texmf-dist/tex/latex/import/import.sty
Package: import 2009/03/23  v 5.1
)
(/usr/local/texlive/2019/texmf-dist/tex/latex/xcolor/xcolor.sty
Package: xcolor 2016/05/11 v2.12 LaTeX color extensions (UK)

(/usr/local/texlive/2019/texmf-dist/tex/latex/graphics-cfg/color.cfg
File: color.cfg 2016/01/02 v1.6 sample color configuration
)
Package xcolor Info: Driver file: xetex.def on input line 225.

(/usr/local/texlive/2019/texmf-dist/tex/latex/graphics-def/xetex.def
File: xetex.def 2017/06/24 v5.0h Graphics/color driver for xetex
)
Package xcolor Info: Model `cmy' substituted by `cmy0' on input line 1348.
Package xcolor Info: Model `RGB' extended on input line 1364.
Package xcolor Info: Model `HTML' substituted by `rgb' on input line 1366.
Package xcolor Info: Model `Hsb' substituted by `hsb' on input line 1367.
Package xcolor Info: Model `tHsb' substituted by `hsb' on input line 1368.
Package xcolor Info: Model `HSB' substituted by `hsb' on input line 1369.
Package xcolor Info: Model `Gray' substituted by `gray' on input line 1370.
Package xcolor Info: Model `wave' substituted by `hsb' on input line 1371.
)
(/usr/local/texlive/2019/texmf-dist/tex/latex/graphics/graphicx.sty
Package: graphicx 2017/06/01 v1.1a Enhanced LaTeX Graphics (DPC,SPQR)

(/usr/local/texlive/2019/texmf-dist/tex/latex/graphics/graphics.sty
Package: graphics 2017/06/25 v1.2c Standard LaTeX Graphics (DPC,SPQR)

(/usr/local/texlive/2019/texmf-dist/tex/latex/graphics/trig.sty
Package: trig 2016/01/03 v1.10 sin cos tan (DPC)
)
(/usr/local/texlive/2019/texmf-dist/tex/latex/graphics-cfg/graphics.cfg
File: graphics.cfg 2016/06/04 v1.11 sample graphics configuration
)
Package graphics Info: Driver file: xetex.def on input line 99.
)
\Gin@req@height=\dimen146
\Gin@req@width=\dimen147
)
(/usr/local/texlive/2019/texmf-dist/tex/latex/caption/subcaption.sty
Package: subcaption 2019/09/01 v1.3a Sub-captions (AR)
\c@subfigure=\count193
\c@subtable=\count194
)
\subfiglistlineheight=\dimen148
\subfiglist_newline_correction_dim=\dimen149
\subfiglist_tmpa_dim=\dimen150
\subfiglist_tmpb_dim=\dimen151
\subfiglist_identifier_count_int=\count195
\subfiglist_tmp_int=\count196
\subfiglist_tmp_box=\box51
\subfiglist_env_width_document_default_dim=\dimen152
\subfiglist_canvas_space_document_default_dim=\dimen153
\subfiglist_canvas_top_document_default_dim=\dimen154
\subfiglist_canvas_bot_document_default_dim=\dimen155
\subfiglist_canvas_left_document_default_dim=\dimen156
\subfiglist_canvas_right_document_default_dim=\dimen157
\subfiglist_canvas_frame_width_document_default_dim=\dimen158
\subfiglist_canvas_frame_top_document_default_dim=\dimen159
\subfiglist_canvas_frame_bottom_document_default_dim=\dimen160
\subfiglist_canvas_frame_left_document_default_dim=\dimen161
\subfiglist_canvas_frame_right_document_default_dim=\dimen162
\subfiglist_label_xshift_document_default_dim=\dimen163
\subfiglist_label_yshift_document_default_dim=\dimen164
\subfiglist_keyval_choice_first_int=\count197
)
(/usr/local/texlive/2019/texmf-dist/tex/latex/pict2e/pict2e.sty
Package: pict2e 2019/08/20 v0.3c Improved picture commands (HjG,RN,JT)

(/usr/local/texlive/2019/texmf-dist/tex/latex/pict2e/pict2e.cfg
File: pict2e.cfg 2016/02/05 v0.1u pict2e configuration for teTeX/TeXLive
)
Package pict2e Info: Driver file: xetex.def on input line 119.
Package pict2e Info: Driver file for pict2e: p2e-xetex.def on input line 121.

(/usr/local/texlive/2019/texmf-dist/tex/latex/pict2e/p2e-xetex.def
File: p2e-xetex.def 2016/02/05 v0.1u Driver-dependant file (RN,HjG,JT)
)
\pIIe@GRAPH=\toks20
\@arclen=\dimen165
\@arcrad=\dimen166
\@tempdimd=\dimen167
)
(/usr/local/texlive/2019/texmf-dist/tex/latex/pstricks/pstricks.sty
Package: pstricks 2018/12/21 v0.69 LaTeX wrapper for `PSTricks' (RN,HV)

(/usr/local/texlive/2019/texmf-dist/tex/generic/iftex/iftex.sty
Package: iftex 2013/04/04 v0.2 Provides if(tex) conditional for PDFTeX, XeTeX, 
and LuaTeX
)
(/usr/local/texlive/2019/texmf-dist/tex/latex/tools/shellesc.sty
Package: shellesc 2016/06/07 v0.02a unified shell escape interface for LaTeX
Package shellesc Info: Unrestricted shell escape enabled on input line 67.
)
(/usr/local/texlive/2019/texmf-dist/tex/generic/xkeyval/pst-xkey.tex
File: pst-xkey.tex 2005/11/25 v1.6 PSTricks specialization of xkeyval (HA)

(/usr/local/texlive/2019/texmf-dist/tex/latex/xkeyval/xkeyval.sty
Package: xkeyval 2014/12/03 v2.7a package option processing (HA)

(/usr/local/texlive/2019/texmf-dist/tex/generic/xkeyval/xkeyval.tex
(/usr/local/texlive/2019/texmf-dist/tex/generic/xkeyval/xkvutils.tex
\XKV@toks=\toks21
\XKV@tempa@toks=\toks22
)
\XKV@depth=\count198
File: xkeyval.tex 2014/12/03 v2.7a key=value parser (HA)
)))
(/usr/local/texlive/2019/texmf-dist/tex/generic/pstricks/pstricks.tex
(/usr/local/texlive/2019/texmf-dist/tex/generic/pstricks/pst-fp.tex
`pst-fp' v0.05, 2010/01/17 (hv)
\pstFP@xs=\count199
\pstFP@xia=\count266
\pstFP@xib=\count267
\pstFP@xfa=\count268
\pstFP@xfb=\count269
\pstFP@rega=\count270
\pstFP@regb=\count271
\pstFP@regs=\count272
\pstFP@times=\count273
)
(/usr/local/texlive/2019/texmf-dist/tex/generic/pgf/utilities/pgfutil-common.te
x
\pgfutil@everybye=\toks23
\pgfutil@tempdima=\dimen168
\pgfutil@tempdimb=\dimen169

(/usr/local/texlive/2019/texmf-dist/tex/generic/pgf/utilities/pgfutil-common-li
sts.tex))
(/usr/local/texlive/2019/texmf-dist/tex/generic/pgf/utilities/pgfkeys.code.tex
\pgfkeys@pathtoks=\toks24
\pgfkeys@temptoks=\toks25

(/usr/local/texlive/2019/texmf-dist/tex/generic/pgf/utilities/pgfkeysfiltered.c
ode.tex
\pgfkeys@tmptoks=\toks26
))
(/usr/local/texlive/2019/texmf-dist/tex/generic/pgf/utilities/pgffor.code.tex
Loading pgffor.code.tex
(/usr/local/texlive/2019/texmf-dist/tex/generic/pgf/math/pgfmath.code.tex
(/usr/local/texlive/2019/texmf-dist/tex/generic/pgf/math/pgfmathcalc.code.tex
(/usr/local/texlive/2019/texmf-dist/tex/generic/pgf/math/pgfmathutil.code.tex
\pgf@x=\dimen170
\pgf@xa=\dimen171
\pgf@xb=\dimen172
\pgf@xc=\dimen173
\pgf@y=\dimen174
\pgf@ya=\dimen175
\pgf@yb=\dimen176
\pgf@yc=\dimen177
\c@pgf@counta=\count274
\c@pgf@countb=\count275
\c@pgf@countc=\count276
\c@pgf@countd=\count277
\pgfutil@tempcnta=\count278
\pgfutil@tempcntb=\count279
)
(/usr/local/texlive/2019/texmf-dist/tex/generic/pgf/math/pgfmathparser.code.tex
\pgfmath@dimen=\dimen178
\pgfmath@count=\count280
\pgfmath@box=\box52
\pgfmath@toks=\toks27
\pgfmath@stack@operand=\toks28
\pgfmath@stack@operation=\toks29
)
(/usr/local/texlive/2019/texmf-dist/tex/generic/pgf/math/pgfmathfunctions.code.
tex
(/usr/local/texlive/2019/texmf-dist/tex/generic/pgf/math/pgfmathfunctions.basic
.code.tex)
(/usr/local/texlive/2019/texmf-dist/tex/generic/pgf/math/pgfmathfunctions.trigo
nometric.code.tex)
(/usr/local/texlive/2019/texmf-dist/tex/generic/pgf/math/pgfmathfunctions.rando
m.code.tex)
(/usr/local/texlive/2019/texmf-dist/tex/generic/pgf/math/pgfmathfunctions.compa
rison.code.tex)
(/usr/local/texlive/2019/texmf-dist/tex/generic/pgf/math/pgfmathfunctions.base.
code.tex)
(/usr/local/texlive/2019/texmf-dist/tex/generic/pgf/math/pgfmathfunctions.round
.code.tex)
(/usr/local/texlive/2019/texmf-dist/tex/generic/pgf/math/pgfmathfunctions.misc.
code.tex)
(/usr/local/texlive/2019/texmf-dist/tex/generic/pgf/math/pgfmathfunctions.integ
erarithmetics.code.tex)))
(/usr/local/texlive/2019/texmf-dist/tex/generic/pgf/math/pgfmathfloat.code.tex
\c@pgfmathroundto@lastzeros=\count281
))
\pgffor@iter=\dimen179
\pgffor@skip=\dimen180
\pgffor@stack=\toks30
\pgffor@toks=\toks31
)
\psLoopIndex=\count282

`PSTricks' v2.97  <2019/05/11> (tvz,hv)
\pst@dima=\dimen181
\pst@dimb=\dimen182
\pst@dimc=\dimen183
\pst@dimd=\dimen184
\pst@dimg=\dimen185
\pst@dimh=\dimen186
\pst@dimm=\dimen187
\pst@dimn=\dimen188
\pst@dimo=\dimen189
\pst@dimp=\dimen190
\pst@hbox=\box53
\pst@ibox=\box54
\pst@boxg=\box55
\pst@cnta=\count283
\pst@cntb=\count284
\pst@cntc=\count285
\pst@cntd=\count286
\pst@cntg=\count287
\pst@cnth=\count288
\pst@cntm=\count289
\pst@cntn=\count290
\pst@cnto=\count291
\pst@cntp=\count292
\@zero=\count293
\pst@toks=\toks32
(/usr/local/texlive/2019/texmf-dist/tex/xelatex/xetex-pstricks/pstricks.con
(/usr/local/texlive/2019/texmf-dist/tex/generic/pstricks/config/xdvipdfmx.cfg))
\psunit=\dimen191
\psxunit=\dimen192
\psyunit=\dimen193
\pst@C@@rType=\count294
\pslinewidth=\dimen194
\psk@startLW=\dimen195
\psk@endLW=\dimen196
\pst@customdefs=\toks33
\pslinearc=\dimen197
\pst@symbolStep=\dimen198
\pst@symbolWidth=\dimen199
\pst@symbolLinewidth=\dimen256
\everypsbox=\toks34
\psframesep=\dimen257
\pslabelsep=\dimen258
\sh@wgridXunit=\dimen259
\sh@wgridYunit=\dimen260
\pst@shift=\dimen261
(/usr/local/texlive/2019/texmf-dist/tex/xelatex/xetex-pstricks/pstricks.con
(/usr/local/texlive/2019/texmf-dist/tex/generic/pstricks/config/xdvipdfmx.cfg
Using PSTricks configuration for XeTeX+xdvipdfmx
)))
File: pstricks.tex 2019/05/11 v2.97 `PSTricks' (tvz,hv)
 (/usr/local/texlive/2019/texmf-dist/tex/generic/pstricks/pst-fp.tex)
File: pst-fp.tex 2019/05/11 v2.97 `PST-fp' (hv)

>>> Loading XeTeX special macros
(/usr/local/texlive/2019/texmf-dist/tex/generic/pstricks/pstricks-xetex.def))
\@float@every@listing=\toks35
\c@listing=\count295
\c@sublisting=\count296

(/usr/local/texlive/2019/texmf-dist/tex/latex/hyperref/hyperref.sty
Package: hyperref 2019/06/12 v6.88h Hypertext links for LaTeX

(/usr/local/texlive/2019/texmf-dist/tex/generic/oberdiek/hobsub-hyperref.sty
Package: hobsub-hyperref 2016/05/16 v1.14 Bundle oberdiek, subset hyperref (HO)


(/usr/local/texlive/2019/texmf-dist/tex/generic/oberdiek/hobsub-generic.sty
Package: hobsub-generic 2016/05/16 v1.14 Bundle oberdiek, subset generic (HO)
Package: hobsub 2016/05/16 v1.14 Construct package bundles (HO)
Package hobsub Info: Skipping package `infwarerr' (already loaded).
Package hobsub Info: Skipping package `ltxcmds' (already loaded).
Package hobsub Info: Skipping package `ifluatex' (already loaded).
Package hobsub Info: Skipping package `ifvtex' (already loaded).
Package: intcalc 2016/05/16 v1.2 Expandable calculations with integers (HO)
Package hobsub Info: Skipping package `ifpdf' (already loaded).
Package hobsub Info: Skipping package `etexcmds' (already loaded).
Package hobsub Info: Skipping package `kvsetkeys' (already loaded).
Package hobsub Info: Skipping package `kvdefinekeys' (already loaded).
Package hobsub Info: Skipping package `pdftexcmds' (already loaded).
Package: pdfescape 2016/05/16 v1.14 Implements pdfTeX's escape features (HO)
Package: bigintcalc 2016/05/16 v1.4 Expandable calculations on big integers (HO
)
Package: bitset 2016/05/16 v1.2 Handle bit-vector datatype (HO)
Package: uniquecounter 2016/05/16 v1.3 Provide unlimited unique counter (HO)
)
Package hobsub Info: Skipping package `hobsub' (already loaded).
Package: letltxmacro 2016/05/16 v1.5 Let assignment for LaTeX macros (HO)
Package: hopatch 2016/05/16 v1.3 Wrapper for package hooks (HO)
Package: xcolor-patch 2016/05/16 xcolor patch
Package: atveryend 2016/05/16 v1.9 Hooks at the very end of document (HO)
Package: atbegshi 2016/06/09 v1.18 At begin shipout hook (HO)
Package: refcount 2016/05/16 v3.5 Data extraction from label references (HO)
Package: hycolor 2016/05/16 v1.8 Color options for hyperref/bookmark (HO)
)
(/usr/local/texlive/2019/texmf-dist/tex/latex/oberdiek/auxhook.sty
Package: auxhook 2016/05/16 v1.4 Hooks for auxiliary files (HO)
)
\@linkdim=\dimen262
\Hy@linkcounter=\count297
\Hy@pagecounter=\count298

(/usr/local/texlive/2019/texmf-dist/tex/latex/hyperref/pd1enc.def
File: pd1enc.def 2019/06/12 v6.88h Hyperref: PDFDocEncoding definition (HO)
)
\Hy@SavedSpaceFactor=\count299

(/usr/local/texlive/2019/texmf-dist/tex/latex/latexconfig/hyperref.cfg
File: hyperref.cfg 2002/06/06 v1.2 hyperref configuration of TeXLive
)
Package hyperref Info: Option `pdfpagelabels' set `true' on input line 4424.
Package hyperref Info: Hyper figures OFF on input line 4550.
Package hyperref Info: Link nesting OFF on input line 4555.
Package hyperref Info: Hyper index ON on input line 4558.
Package hyperref Info: Plain pages OFF on input line 4565.
Package hyperref Info: Backreferencing OFF on input line 4570.
Package hyperref Info: Implicit mode ON; LaTeX internals redefined.
Package hyperref Info: Bookmarks ON on input line 4803.
\c@Hy@tempcnt=\count300

(/usr/local/texlive/2019/texmf-dist/tex/latex/url/url.sty
\Urlmuskip=\muskip16
Package: url 2013/09/16  ver 3.4  Verb mode for urls, etc.
)
LaTeX Info: Redefining \url on input line 5156.
\XeTeXLinkMargin=\dimen263
\Fld@menulength=\count301
\Field@Width=\dimen264
\Fld@charsize=\dimen265
Package hyperref Info: Hyper figures OFF on input line 6411.
Package hyperref Info: Link nesting OFF on input line 6416.
Package hyperref Info: Hyper index ON on input line 6419.
Package hyperref Info: backreferencing OFF on input line 6426.
Package hyperref Info: Link coloring OFF on input line 6431.
Package hyperref Info: Link coloring with OCG OFF on input line 6436.
Package hyperref Info: PDF/A mode OFF on input line 6441.
LaTeX Info: Redefining \ref on input line 6481.
LaTeX Info: Redefining \pageref on input line 6485.
\Hy@abspage=\count302
\c@Item=\count303
\c@Hfootnote=\count304
)
Package hyperref Info: Driver (autodetected): hxetex.

(/usr/local/texlive/2019/texmf-dist/tex/latex/hyperref/hxetex.def
File: hxetex.def 2019/06/12 v6.88h Hyperref driver for XeTeX

(/usr/local/texlive/2019/texmf-dist/tex/latex/hyperref/puenc.def
File: puenc.def 2019/06/12 v6.88h Hyperref: PDF Unicode definition (HO)
)
(/usr/local/texlive/2019/texmf-dist/tex/generic/oberdiek/stringenc.sty
Package: stringenc 2016/05/16 v1.11 Convert strings between diff. encodings (HO
)
)
\pdfm@box=\box56
\c@Hy@AnnotLevel=\count305
\HyField@AnnotCount=\count306
\Fld@listcount=\count307
\c@bookmark@seq@number=\count308

(/usr/local/texlive/2019/texmf-dist/tex/latex/oberdiek/rerunfilecheck.sty
Package: rerunfilecheck 2016/05/16 v1.8 Rerun checks for auxiliary files (HO)
Package uniquecounter Info: New unique counter `rerunfilecheck' on input line 2
82.
)
\Hy@SectionHShift=\skip66
)
(/usr/local/texlive/2019/texmf-dist/tex/latex/oberdiek/hypcap.sty
Package: hypcap 2016/05/16 v1.12 Adjusting the anchors of captions (HO)
)
(/usr/local/texlive/2019/texmf-dist/tex/latex/cleveref/cleveref.sty
Package: cleveref 2018/03/27 v0.21.4 Intelligent cross-referencing
Package cleveref Info: `hyperref' support loaded on input line 2370.
LaTeX Info: Redefining \cref on input line 2370.
LaTeX Info: Redefining \Cref on input line 2370.
LaTeX Info: Redefining \crefrange on input line 2370.
LaTeX Info: Redefining \Crefrange on input line 2370.
LaTeX Info: Redefining \cpageref on input line 2370.
LaTeX Info: Redefining \Cpageref on input line 2370.
LaTeX Info: Redefining \cpagerefrange on input line 2370.
LaTeX Info: Redefining \Cpagerefrange on input line 2370.
LaTeX Info: Redefining \labelcref on input line 2370.
LaTeX Info: Redefining \labelcpageref on input line 2370.
Package cleveref Info: include cross-reference names in hyperlinks on input lin
e 7836.
Package cleveref Info: include cross-reference names in hyperlinks on input lin
e 7852.
)
(/usr/local/texlive/2019/texmf-dist/tex/generic/oberdiek/se-ascii-print.def
File: se-ascii-print.def 2016/05/16 v1.11 stringenc: Printable ASCII characters

)
Package hyperref Info: Option `colorlinks' set `true' on input line 110.
\c@mv@sans=\count309
LaTeX Font Info:    Overwriting symbol font `operators' in version `sans'
(Font)                  OT1/cmr/m/n --> OT1/cmbr/m/n on input line 120.
LaTeX Font Info:    Overwriting symbol font `letters' in version `sans'
(Font)                  OML/cmm/m/it --> OML/cmbrm/m/it on input line 121.
LaTeX Font Info:    Overwriting symbol font `symbols' in version `sans'
(Font)                  OMS/cmsy/m/n --> OMS/cmbrs/m/n on input line 122.
LaTeX Font Info:    Overwriting math alphabet `\mathit' in version `sans'
(Font)                  OT1/cmr/m/it --> OT1/cmbr/m/sl on input line 123.
LaTeX Font Info:    Overwriting math alphabet `\mathbf' in version `sans'
(Font)                  OT1/cmr/bx/n --> OT1/cmbr/bx/n on input line 124.
LaTeX Font Info:    Overwriting math alphabet `\mathtt' in version `sans'
(Font)                  OT1/cmtt/m/n --> OT1/cmtl/m/n on input line 125.
LaTeX Font Info:    Overwriting symbol font `largesymbols' in version `sans'
(Font)                  OMX/cmex/m/n --> OMX/iwona/m/n on input line 126.

(./subfiglist.aux)
\openout1 = `subfiglist.aux'.

LaTeX Font Info:    Checking defaults for OML/cmm/m/it on input line 137.
LaTeX Font Info:    ... okay on input line 137.
LaTeX Font Info:    Checking defaults for T1/cmr/m/n on input line 137.
LaTeX Font Info:    ... okay on input line 137.
LaTeX Font Info:    Checking defaults for OT1/cmr/m/n on input line 137.
LaTeX Font Info:    ... okay on input line 137.
LaTeX Font Info:    Checking defaults for OMS/cmsy/m/n on input line 137.
LaTeX Font Info:    ... okay on input line 137.
LaTeX Font Info:    Checking defaults for TU/lmr/m/n on input line 137.
LaTeX Font Info:    ... okay on input line 137.
LaTeX Font Info:    Checking defaults for OMX/cmex/m/n on input line 137.
LaTeX Font Info:    ... okay on input line 137.
LaTeX Font Info:    Checking defaults for U/cmr/m/n on input line 137.
LaTeX Font Info:    ... okay on input line 137.
LaTeX Font Info:    Checking defaults for TS1/cmr/m/n on input line 137.
LaTeX Font Info:    Try loading font information for TS1+cmr on input line 137.

 (/usr/local/texlive/2019/texmf-dist/tex/latex/base/ts1cmr.fd
File: ts1cmr.fd 2014/09/29 v2.5h Standard LaTeX font definitions
)
LaTeX Font Info:    ... okay on input line 137.
LaTeX Font Info:    Checking defaults for PD1/pdf/m/n on input line 137.
LaTeX Font Info:    ... okay on input line 137.
LaTeX Font Info:    Checking defaults for PU/pdf/m/n on input line 137.
LaTeX Font Info:    ... okay on input line 137.
LaTeX Info: Redefining \microtypecontext on input line 137.
Package microtype Info: Character protrusion enabled (level 2).
Package microtype Info: Using default protrusion set `alltext'.
Package microtype Info: No adjustment of tracking.
Package microtype Info: No adjustment of spacing.
Package microtype Info: No adjustment of kerning.
Package microtype Info: Redefining babel's language switching commands.
Package microtype Info: *** Changing to language context `american'
(microtype)              on input line 137.
Package microtype Info: ... No configuration file mt-lmr.cfg.
Package microtype Info: ... Loading configuration file mt-cmr.cfg.
 (/usr/local/texlive/2019/texmf-dist/tex/latex/microtype/mt-cmr.cfg
File: mt-cmr.cfg 2013/05/19 v2.2 microtype config. file: Computer Modern Roman 
(RS)
)
Package microtype Info: Setting up font `T1/lmr/m/n/12' on input line 137.
Package microtype Info: ... Loading protrusion list `lmr-T1'.
Package microtype Info: ... : First loading protrusion list `cmr-T1'.
Package microtype Info: ... : First loading protrusion list `cmr-default'.
Package caption Info: Begin \AtBeginDocument code.
Package caption Info: hyperref package is loaded.
Package caption Info: hypcap package is loaded.
Package caption Info: End \AtBeginDocument code.
\subfiglist_env_width_dim=\dimen266
\subfiglist_canvas_space_environment_default_dim=\dimen267
\subfiglist_canvas_top_environment_default_dim=\dimen268
\subfiglist_canvas_bot_environment_default_dim=\dimen269
\subfiglist_canvas_left_environment_default_dim=\dimen270
\subfiglist_canvas_right_environment_default_dim=\dimen271
\subfiglist_canvas_frame_width_environment_default_dim=\dimen272
\subfiglist_canvas_frame_top_environment_default_dim=\dimen273
\subfiglist_canvas_frame_bottom_environment_default_dim=\dimen274
\subfiglist_canvas_frame_left_environment_default_dim=\dimen275
\subfiglist_canvas_frame_right_environment_default_dim=\dimen276
\subfiglist_label_xshift_environment_default_dim=\dimen277
\subfiglist_label_yshift_environment_default_dim=\dimen278
\subfiglist_canvas_top_dim=\dimen279
\subfiglist_canvas_bot_dim=\dimen280
\subfiglist_canvas_left_dim=\dimen281
\subfiglist_canvas_right_dim=\dimen282
\subfiglist_canvas_frame_width_dim=\dimen283
\subfiglist_canvas_frame_top_dim=\dimen284
\subfiglist_canvas_frame_bottom_dim=\dimen285
\subfiglist_canvas_frame_left_dim=\dimen286
\subfiglist_canvas_frame_right_dim=\dimen287
\subfiglist_label_xshift_dim=\dimen288
\subfiglist_label_yshift_dim=\dimen289
\AtBeginShipoutBox=\box57
Package hyperref Info: Link coloring ON on input line 137.

(/usr/local/texlive/2019/texmf-dist/tex/latex/hyperref/nameref.sty
Package: nameref 2016/05/21 v2.44 Cross-referencing by name of section

(/usr/local/texlive/2019/texmf-dist/tex/generic/oberdiek/gettitlestring.sty
Package: gettitlestring 2016/05/16 v1.5 Cleanup title references (HO)
)
\c@section@level=\count310
)
LaTeX Info: Redefining \ref on input line 137.
LaTeX Info: Redefining \pageref on input line 137.
LaTeX Info: Redefining \nameref on input line 137.

(./subfiglist.out) (./subfiglist.out)
\@outlinefile=\write4
\openout4 = `subfiglist.out'.

Class scrartcl Info: loading recommended package `bookmark'.
(scrartcl)           Using `bookmark' together with `hyperref' is recommended,
(scrartcl)           because of handling of possible bookmark level gaps.
(scrartcl)           You can avoid loading `bookmark' with KOMA-Script option
(scrartcl)           `bookmarkpackage=false' before \begin{document} and
(scrartcl)           you can avoid this message with `\usepackage{bookmark}'
(scrartcl)           before \begin{document} on input line 137.

(/usr/local/texlive/2019/texmf-dist/tex/latex/oberdiek/bookmark.sty
Package: bookmark 2019/06/04 v1.27 PDF bookmarks (HO)

(/usr/local/texlive/2019/texmf-dist/tex/latex/oberdiek/bkm-dvipdfm.def
File: bkm-dvipdfm.def 2019/06/04 v1.27 bookmark driver for dvipdfm (HO)
\BKM@id=\count311
))
LaTeX Font Info:    Try loading font information for T1+lmss on input line 140.


(/usr/local/texlive/2019/texmf-dist/tex/latex/lm/t1lmss.fd
File: t1lmss.fd 2009/10/30 v1.6 Font defs for Latin Modern
)
Package microtype Info: ... No configuration file mt-lmss.cfg.
Package microtype Info: Setting up font `T1/lmss/m/n/12' on input line 140.
Package microtype Info: ... Loading protrusion list `T1-default'.
Package microtype Info: Loading generic protrusion settings for font family
(microtype)             `lmss' (encoding: T1).
(microtype)             For optimal results, create family-specific settings.
(microtype)             See the microtype manual for details.
Package microtype Info: ... : First loading protrusion list `default'.
Package microtype Info: Setting up font `T1/lmss/bx/n/12' on input line 140.
Package microtype Info: ... Loading protrusion list `T1-default'.
Package microtype Info: ... : First loading protrusion list `default'.
Package microtype Info: Setting up font `T1/lmss/bx/n/20.74' on input line 140.

Package microtype Info: ... Loading protrusion list `T1-default'.
Package microtype Info: ... : First loading protrusion list `default'.
Package microtype Info: Setting up font `T1/lmss/bx/n/24.88' on input line 140.

Package microtype Info: ... Loading protrusion list `T1-default'.
Package microtype Info: ... : First loading protrusion list `default'.
LaTeX Font Info:    Try loading font information for T1+lmtt on input line 140.


(/usr/local/texlive/2019/texmf-dist/tex/latex/lm/t1lmtt.fd
File: t1lmtt.fd 2009/10/30 v1.6 Font defs for Latin Modern
)
LaTeX Font Info:    Font shape `T1/lmtt/bx/n' in size <24.88> not available
(Font)              Font shape `T1/lmtt/b/n' tried instead on input line 140.
Package microtype Info: ... No configuration file mt-lmtt.cfg.
Package microtype Info: Setting up font `T1/lmtt/b/n/24.88' on input line 140.
Package microtype Info: ... Loading protrusion list `T1-default'.
Package microtype Info: Loading generic protrusion settings for font family
(microtype)             `lmtt' (encoding: T1).
(microtype)             For optimal results, create family-specific settings.
(microtype)             See the microtype manual for details.
Package microtype Info: ... : First loading protrusion list `default'.
Package microtype Info: Setting up font `T1/lmr/m/n/17.28' on input line 140.
Package microtype Info: ... Loading protrusion list `lmr-T1'.
Package microtype Info: ... : First loading protrusion list `cmr-T1'.
Package microtype Info: ... : First loading protrusion list `cmr-default'.
LaTeX Font Info:    Try loading font information for OT1+lmr on input line 140.


(/usr/local/texlive/2019/texmf-dist/tex/latex/lm/ot1lmr.fd
File: ot1lmr.fd 2009/10/30 v1.6 Font defs for Latin Modern
)
Package microtype Info: Setting up font `OT1/lmr/m/n/17.28' on input line 140.
Package microtype Info: ... Loading protrusion list `cmr-OT1'.
Package microtype Info: ... : First loading protrusion list `cmr-default'.
Package microtype Info: Setting up font `OT1/lmr/m/n/12' on input line 140.
Package microtype Info: ... Loading protrusion list `cmr-OT1'.
Package microtype Info: ... : First loading protrusion list `cmr-default'.
Package microtype Info: Setting up font `OT1/lmr/m/n/10' on input line 140.
Package microtype Info: ... Loading protrusion list `cmr-OT1'.
Package microtype Info: ... : First loading protrusion list `cmr-default'.
LaTeX Font Info:    Try loading font information for OML+lmm on input line 140.


(/usr/local/texlive/2019/texmf-dist/tex/latex/lm/omllmm.fd
File: omllmm.fd 2009/10/30 v1.6 Font defs for Latin Modern
)
Package microtype Info: ... No configuration file mt-lmm.cfg.
Package microtype Info: ... No configuration file mt-cmm.cfg.
Package microtype Info: Setting up font `OML/lmm/m/it/17.28' on input line 140.

Package microtype Info: ... No protrusion.
Package microtype Info: Setting up font `OML/lmm/m/it/12' on input line 140.
Package microtype Info: ... No protrusion.
Package microtype Info: Setting up font `OML/lmm/m/it/10' on input line 140.
Package microtype Info: ... No protrusion.
LaTeX Font Info:    Try loading font information for OMS+lmsy on input line 140
.

(/usr/local/texlive/2019/texmf-dist/tex/latex/lm/omslmsy.fd
File: omslmsy.fd 2009/10/30 v1.6 Font defs for Latin Modern
)
Package microtype Info: ... No configuration file mt-lmsy.cfg.
Package microtype Info: ... No configuration file mt-cmsy.cfg.
Package microtype Info: Setting up font `OMS/lmsy/m/n/17.28' on input line 140.

Package microtype Info: ... No protrusion.
Package microtype Info: Setting up font `OMS/lmsy/m/n/12' on input line 140.
Package microtype Info: ... No protrusion.
Package microtype Info: Setting up font `OMS/lmsy/m/n/10' on input line 140.
Package microtype Info: ... No protrusion.
LaTeX Font Info:    Try loading font information for OMX+lmex on input line 140
.

(/usr/local/texlive/2019/texmf-dist/tex/latex/lm/omxlmex.fd
File: omxlmex.fd 2009/10/30 v1.6 Font defs for Latin Modern
)
LaTeX Font Info:    External font `lmex10' loaded for size
(Font)              <17.28> on input line 140.
Package microtype Info: ... No configuration file mt-lmex.cfg.
Package microtype Info: Setting up font `OMX/lmex/m/n/17.28' on input line 140.

Package microtype Info: ... No protrusion.
LaTeX Font Info:    External font `lmex10' loaded for size
(Font)              <12> on input line 140.
Package microtype Info: Setting up font `OMX/lmex/m/n/12' on input line 140.
Package microtype Info: ... No protrusion.
LaTeX Font Info:    External font `lmex10' loaded for size
(Font)              <10> on input line 140.
Package microtype Info: Setting up font `OMX/lmex/m/n/10' on input line 140.
Package microtype Info: ... No protrusion.
Package microtype Info: Setting up font `T1/lmss/bx/n/17.28' on input line 141.

Package microtype Info: ... Loading protrusion list `T1-default'.
Package microtype Info: ... : First loading protrusion list `default'.
Package microtype Info: Disabling protrusion on input line 141.
Package tocbasic Info: character protrusion at toc deactivated on input line 14
1.
 (./subfiglist.toc
Package microtype Info: *** Changing to language context `american'
(microtype)              on input line 1.
LaTeX Font Info:    Font shape `T1/lmtt/bx/n' in size <12> not available
(Font)              Font shape `T1/lmtt/b/n' tried instead on input line 3.
Package microtype Info: Setting up font `T1/lmtt/b/n/12' on input line 3.
Package microtype Info: ... Loading protrusion list `T1-default'.
Package microtype Info: ... : First loading protrusion list `default'.
)
\tf@toc=\write5
\openout5 = `subfiglist.toc'.

Package microtype Info: Setting up font `T1/lmtt/m/n/12' on input line 145.
Package microtype Info: ... Loading protrusion list `T1-default'.
Package microtype Info: ... : First loading protrusion list `default'.
Package microtype Info: Setting up font `T1/lmr/m/sl/12' on input line 154.
Package microtype Info: ... Loading protrusion list `lmr-it-T1'.
Package microtype Info: ... : First loading protrusion list `cmr-it-T1'.
Package microtype Info: ... : First loading protrusion list `cmr-it'.
Package microtype Info: Setting up font `OT1/lmr/m/n/8' on input line 154.
Package microtype Info: ... Loading protrusion list `cmr-OT1'.
Package microtype Info: ... : First loading protrusion list `cmr-default'.
Package microtype Info: Setting up font `OT1/lmr/m/n/6' on input line 154.
Package microtype Info: ... Loading protrusion list `cmr-OT1'.
Package microtype Info: ... : First loading protrusion list `cmr-default'.
Package microtype Info: Setting up font `OML/lmm/m/it/8' on input line 154.
Package microtype Info: ... No protrusion.
Package microtype Info: Setting up font `OML/lmm/m/it/6' on input line 154.
Package microtype Info: ... No protrusion.
Package microtype Info: Setting up font `OMS/lmsy/m/n/8' on input line 154.
Package microtype Info: ... No protrusion.
Package microtype Info: Setting up font `OMS/lmsy/m/n/6' on input line 154.
Package microtype Info: ... No protrusion.
LaTeX Font Info:    External font `lmex10' loaded for size
(Font)              <8> on input line 154.
Package microtype Info: Setting up font `OMX/lmex/m/n/8' on input line 154.
Package microtype Info: ... No protrusion.
LaTeX Font Info:    External font `lmex10' loaded for size
(Font)              <6> on input line 154.
Package microtype Info: Setting up font `OMX/lmex/m/n/6' on input line 154.
Package microtype Info: ... No protrusion.
[1


]
Package microtype Info: Setting up font `T1/lmr/m/it/12' on input line 154.
Package microtype Info: ... Loading protrusion list `lmr-it-T1'.
Package microtype Info: ... : First loading protrusion list `cmr-it-T1'.
Package microtype Info: ... : First loading protrusion list `cmr-it'.
LaTeX Font Info:    Font shape `T1/lmtt/bx/n' in size <17.28> not available
(Font)              Font shape `T1/lmtt/b/n' tried instead on input line 186.
Package microtype Info: Setting up font `T1/lmtt/b/n/17.28' on input line 186.
Package microtype Info: ... Loading protrusion list `T1-default'.
Package microtype Info: ... : First loading protrusion list `default'.
Package microtype Info: *** Changing to language context `american'
(microtype)              on input line 188.
 [2]
Package microtype Info: Setting up font `T1/lmr/m/n/6' on input line 192.
Package microtype Info: ... Loading protrusion list `lmr-T1'.
Package microtype Info: ... : First loading protrusion list `cmr-T1'.
Package microtype Info: ... : First loading protrusion list `cmr-default'.
\subfiglist_identifier_count_10_int=\count312
\subfiglist_canvas_num_10_int=\count313
\subfiglist_canvas_num_int=\count314
File: figures/01.png Graphic file (type bmp)
<figures/01.png>
File: figures/02.png Graphic file (type bmp)
<figures/02.png>
File: figures/03.png Graphic file (type bmp)
<figures/03.png>
File: figures/04.png Graphic file (type bmp)
<figures/04.png>
File: figures/05.png Graphic file (type bmp)
<figures/05.png>
File: figures/06.png Graphic file (type bmp)
<figures/06.png>
\subfiglist_line_height_10_dim=\dimen290
\subfiglist_column_width_10_dim=\dimen291
\subfiglist_effective_hoff_10_dim=\dimen292
\subfiglist_effective_voff_10_dim=\dimen293
\subfiglist_line_height_dim=\dimen294
\subfiglist_column_width_dim=\dimen295
\subfiglist_effective_hoff_dim=\dimen296
\subfiglist_effective_voff_dim=\dimen297
\subfiglist_canvas_hoff_11_dim=\dimen298
\subfiglist_canvas_voff_11_dim=\dimen299
\subfiglist_canvas_hoff_dim=\dimen300
\subfiglist_canvas_voff_dim=\dimen301
\subfiglist_canvas_hoff_12_dim=\dimen302
\subfiglist_canvas_voff_12_dim=\dimen303
\subfiglist_line_height_11_dim=\dimen304
\subfiglist_column_width_11_dim=\dimen305
\subfiglist_current_line_height_14_dim=\dimen306
\subfiglist_current_line_height_dim=\dimen307
\subfiglist_current_canvas_num_14_int=\count315
\subfiglist_current_canvas_num_int=\count316
\subfiglist_current_canvas_num_21_int=\count317
File: figures/01.png Graphic file (type bmp)
<figures/01.png>
File: figures/02.png Graphic file (type bmp)
<figures/02.png>
File: figures/03.png Graphic file (type bmp)
<figures/03.png>
\subfiglist_current_newline_height_13_dim=\dimen308
\subfiglist_current_newline_height_dim=\dimen309
File: figures/04.png Graphic file (type bmp)
<figures/04.png>
File: figures/05.png Graphic file (type bmp)
<figures/05.png>
File: figures/06.png Graphic file (type bmp)
<figures/06.png>
Package hyperref Info: bookmark level for unknown listing defaults to 0 on inpu
t line 213.
Package microtype Info: Setting up font `T1/lmr/m/n/10.95' on input line 213.
Package microtype Info: ... Loading protrusion list `lmr-T1'.
Package microtype Info: ... : First loading protrusion list `cmr-T1'.
Package microtype Info: ... : First loading protrusion list `cmr-default'.
Package microtype Info: Setting up font `T1/lmr/bx/n/10.95' on input line 213.
Package microtype Info: ... Loading protrusion list `lmr-T1'.
Package microtype Info: ... : First loading protrusion list `cmr-T1'.
Package microtype Info: ... : First loading protrusion list `cmr-default'.
Package microtype Info: Setting up font `T1/lmss/bx/n/10.95' on input line 213.

Package microtype Info: ... Loading protrusion list `T1-default'.
Package microtype Info: ... : First loading protrusion list `default'.
Package microtype Info: Setting up font `T1/lmtt/m/n/10.95' on input line 213.
Package microtype Info: ... Loading protrusion list `T1-default'.
Package microtype Info: ... : First loading protrusion list `default'.
Package microtype Info: *** Changing to language context `american'
(microtype)              on input line 239.
Package microtype Info: Setting up font `T1/lmtt/m/sl/12' on input line 239.
Package microtype Info: ... Loading protrusion list `T1-it-default'.
Package microtype Info: ... : First loading protrusion list `OT1-it'.
 [3]
\subfiglist_identifier_count_13_int=\count318
\subfiglist_canvas_num_13_int=\count319
File: figures/01.png Graphic file (type bmp)
<figures/01.png>
File: figures/02.png Graphic file (type bmp)
<figures/02.png>
File: figures/03.png Graphic file (type bmp)
<figures/03.png>
File: figures/04.png Graphic file (type bmp)
<figures/04.png>
File: figures/05.png Graphic file (type bmp)
<figures/05.png>
File: figures/06.png Graphic file (type bmp)
<figures/06.png>
File: figures/07.png Graphic file (type bmp)
<figures/07.png>
File: figures/08.png Graphic file (type bmp)
<figures/08.png>
File: figures/09.png Graphic file (type bmp)
<figures/09.png>
File: figures/10.png Graphic file (type bmp)
<figures/10.png>
File: figures/11.png Graphic file (type bmp)
<figures/11.png>
File: figures/12.png Graphic file (type bmp)
<figures/12.png>
File: figures/13.png Graphic file (type bmp)
<figures/13.png>
File: figures/14.png Graphic file (type bmp)
<figures/14.png>
\subfiglist_line_height_13_dim=\dimen310
\subfiglist_column_width_13_dim=\dimen311
\subfiglist_effective_hoff_13_dim=\dimen312
\subfiglist_effective_voff_13_dim=\dimen313
\subfiglist_canvas_hoff_14_dim=\dimen314
\subfiglist_canvas_voff_14_dim=\dimen315
\subfiglist_canvas_hoff_15_dim=\dimen316
\subfiglist_canvas_voff_15_dim=\dimen317
\subfiglist_line_height_14_dim=\dimen318
\subfiglist_column_width_14_dim=\dimen319
\subfiglist_canvas_hoff_16_dim=\dimen320
\subfiglist_canvas_voff_16_dim=\dimen321
\subfiglist_canvas_hoff_17_dim=\dimen322
\subfiglist_canvas_voff_17_dim=\dimen323
\subfiglist_effective_hoff_14_dim=\dimen324
\subfiglist_effective_voff_14_dim=\dimen325
\subfiglist_line_height_15_dim=\dimen326
\subfiglist_column_width_15_dim=\dimen327
\subfiglist_effective_hoff_15_dim=\dimen328
\subfiglist_effective_voff_15_dim=\dimen329
\subfiglist_line_height_16_dim=\dimen330
\subfiglist_column_width_16_dim=\dimen331
\subfiglist_current_line_height_17_dim=\dimen332
\subfiglist_current_canvas_num_17_int=\count320
\subfiglist_current_canvas_num_24_int=\count321
File: figures/01.png Graphic file (type bmp)
<figures/01.png>
File: figures/02.png Graphic file (type bmp)
<figures/02.png>
File: figures/03.png Graphic file (type bmp)
<figures/03.png>
\subfiglist_current_newline_height_16_dim=\dimen333
\subfiglist_current_line_height_22_dim=\dimen334
\subfiglist_current_canvas_num_22_int=\count322
\subfiglist_current_canvas_num_29_int=\count323
File: figures/04.png Graphic file (type bmp)
<figures/04.png>
\subfiglist_current_newline_height_21_dim=\dimen335
File: figures/05.png Graphic file (type bmp)
<figures/05.png>
File: figures/06.png Graphic file (type bmp)
<figures/06.png>
File: figures/07.png Graphic file (type bmp)
<figures/07.png>
File: figures/08.png Graphic file (type bmp)
<figures/08.png>
File: figures/09.png Graphic file (type bmp)
<figures/09.png>
File: figures/10.png Graphic file (type bmp)
<figures/10.png>
File: figures/11.png Graphic file (type bmp)
<figures/11.png>
File: figures/12.png Graphic file (type bmp)
<figures/12.png>
File: figures/13.png Graphic file (type bmp)
<figures/13.png>
File: figures/14.png Graphic file (type bmp)
<figures/14.png>
Package microtype Info: *** Changing to language context `american'
(microtype)              on input line 306.
 [4]
Package microtype Info: Setting up font `T1/lmr/m/n/8' on input line 317.
Package microtype Info: ... Loading protrusion list `lmr-T1'.
Package microtype Info: ... : First loading protrusion list `cmr-T1'.
Package microtype Info: ... : First loading protrusion list `cmr-default'.
File: figures/02.png Graphic file (type bmp)
<figures/02.png>
 (./figures/svg.pdf_tex
File: figures/svg.pdf Graphic file (type pdf)
<use figures/svg.pdf>
)
File: figures/04.png Graphic file (type bmp)
<figures/04.png>
File: figures/02.png Graphic file (type bmp)
<figures/02.png>
 (./figures/svg.pdf_tex
File: figures/svg.pdf Graphic file (type pdf)
<use figures/svg.pdf>
)
File: figures/04.png Graphic file (type bmp)
<figures/04.png>
Package microtype Info: Setting up font `OT1/lmr/m/n/10.95' on input line 339.
Package microtype Info: ... Loading protrusion list `cmr-OT1'.
Package microtype Info: ... : First loading protrusion list `cmr-default'.
Package microtype Info: Setting up font `OML/lmm/m/it/10.95' on input line 339.

Package microtype Info: ... No protrusion.
Package microtype Info: Setting up font `OMS/lmsy/m/n/10.95' on input line 339.

Package microtype Info: ... No protrusion.
LaTeX Font Info:    External font `lmex10' loaded for size
(Font)              <10.95> on input line 339.
Package microtype Info: Setting up font `OMX/lmex/m/n/10.95' on input line 339.

Package microtype Info: ... No protrusion.

Overfull \hbox (9.44757pt too wide) in paragraph at lines 343--344
[]\T1/lmr/m/n/12 When an im-age with the file ex-ten-sion \T1/lmtt/m/n/12 pdf_t
ex \T1/lmr/m/n/12 is loaded, it is put in-side the \T1/lmtt/m/n/12 subfiglistsv
genv
 []

Package microtype Info: *** Changing to language context `american'
(microtype)              on input line 354.
[5]
File: figures/02.png Graphic file (type bmp)
<figures/02.png>
Package microtype Info: Setting up font `T1/lmss/m/n/10' on input line 394.
Package microtype Info: ... Loading protrusion list `T1-default'.
Package microtype Info: ... : First loading protrusion list `default'.
 (./figures/svg.pdf_tex
File: figures/svg.pdf Graphic file (type pdf)
<use figures/svg.pdf>
LaTeX Font Info:    Try loading font information for OT1+cmbr on input line 54.


(/usr/local/texlive/2019/texmf-dist/tex/latex/cmbright/ot1cmbr.fd
File: ot1cmbr.fd 2005/04/13 v8.1 (WaS)
)
Package microtype Info: ... No configuration file mt-cmbr.cfg.
Package microtype Info: Setting up font `OT1/cmbr/m/n/10' on input line 54.
Package microtype Info: ... Loading protrusion list `OT1-default'.
Package microtype Info: Loading generic protrusion settings for font family
(microtype)             `cmbr' (encoding: OT1).
(microtype)             For optimal results, create family-specific settings.
(microtype)             See the microtype manual for details.
Package microtype Info: ... : First loading protrusion list `default'.
Package microtype Info: Setting up font `OT1/cmbr/m/n/7' on input line 54.
Package microtype Info: ... Loading protrusion list `OT1-default'.
Package microtype Info: ... : First loading protrusion list `default'.
Package microtype Info: Setting up font `OT1/cmbr/m/n/5' on input line 54.
Package microtype Info: ... Loading protrusion list `OT1-default'.
Package microtype Info: ... : First loading protrusion list `default'.
LaTeX Font Info:    Try loading font information for OML+cmbrm on input line 54
.

(/usr/local/texlive/2019/texmf-dist/tex/latex/cmbright/omlcmbrm.fd
File: omlcmbrm.fd 2005/04/13 v8.1 (WaS)
)
Package microtype Info: ... No configuration file mt-cmbrm.cfg.
Package microtype Info: Setting up font `OML/cmbrm/m/it/10' on input line 54.
Package microtype Info: ... No protrusion.
Package microtype Info: Setting up font `OML/cmbrm/m/it/7' on input line 54.
Package microtype Info: ... No protrusion.
Package microtype Info: Setting up font `OML/cmbrm/m/it/5' on input line 54.
Package microtype Info: ... No protrusion.
LaTeX Font Info:    Try loading font information for OMS+cmbrs on input line 54
.

(/usr/local/texlive/2019/texmf-dist/tex/latex/cmbright/omscmbrs.fd
File: omscmbrs.fd 2005/04/13 v8.1 (WaS)
)
Package microtype Info: ... No configuration file mt-cmbrs.cfg.
Package microtype Info: Setting up font `OMS/cmbrs/m/n/10' on input line 54.
Package microtype Info: ... No protrusion.
Package microtype Info: Setting up font `OMS/cmbrs/m/n/7' on input line 54.
Package microtype Info: ... No protrusion.
Package microtype Info: Setting up font `OMS/cmbrs/m/n/5' on input line 54.
Package microtype Info: ... No protrusion.
LaTeX Font Info:    Try loading font information for OMX+iwona on input line 54
.

(/usr/local/texlive/2019/texmf-dist/tex/latex/iwona/omxiwona.fd
File: omxiwona.fd 2008/07/22 v0.995 font definition file for OMX/iwona (MW)
)
Package microtype Info: ... No configuration file mt-iwona.cfg.
Package microtype Info: Setting up font `OMX/iwona/m/n/10' on input line 54.
Package microtype Info: ... No protrusion.
Package microtype Info: Setting up font `OMX/iwona/m/n/7' on input line 54.
Package microtype Info: ... No protrusion.
Package microtype Info: Setting up font `OMX/iwona/m/n/5' on input line 54.
Package microtype Info: ... No protrusion.
)
File: figures/04.png Graphic file (type bmp)
<figures/04.png>
File: figures/02.png Graphic file (type bmp)
<figures/02.png>

(./figures/svg.pdf_tex
File: figures/svg.pdf Graphic file (type pdf)
<use figures/svg.pdf>
)
File: figures/04.png Graphic file (type bmp)
<figures/04.png>
File: figures/01.png Graphic file (type bmp)
<figures/01.png>
File: figures/02.png Graphic file (type bmp)
<figures/02.png>
File: figures/03.png Graphic file (type bmp)
<figures/03.png>
File: figures/04.png Graphic file (type bmp)
<figures/04.png>
File: figures/01.png Graphic file (type bmp)
<figures/01.png>
File: figures/02.png Graphic file (type bmp)
<figures/02.png>
File: figures/03.png Graphic file (type bmp)
<figures/03.png>
File: figures/04.png Graphic file (type bmp)
<figures/04.png>


LaTeX Warning: `h' float specifier changed to `ht'.

Package microtype Info: *** Changing to language context `american'
(microtype)              on input line 450.
[6]
Package microtype Info: *** Changing to language context `american'
(microtype)              on input line 472.
 [7]
File: figures/01.png Graphic file (type bmp)
<figures/01.png>
File: figures/02.png Graphic file (type bmp)
<figures/02.png>
File: figures/03.png Graphic file (type bmp)
<figures/03.png>
File: figures/04.png Graphic file (type bmp)
<figures/04.png>
File: figures/05.png Graphic file (type bmp)
<figures/05.png>
File: figures/06.png Graphic file (type bmp)
<figures/06.png>
\subfiglist_label_hpos_int=\count324
\subfiglist_label_vpos_int=\count325


Package subfiglist Warning: Package subfiglist Warning: Label numbers in body
(subfiglist)                of `subfiglist' environment are given in
(subfiglist)                non-ascending order.


Package subfiglist Warning: Package subfiglist Warning: The canvas numbers in
(subfiglist)                the argument of the `subfiglist' environment are
(subfiglist)                given in a different order than the label numbers
(subfiglist)                in the body of the `subfiglist' environment.

File: figures/01.png Graphic file (type bmp)
<figures/01.png>
\subfiglist_current_canvas_width_21_dim=\dimen336
\subfiglist_current_canvas_height_21_dim=\dimen337
\subfiglist_current_canvas_width_dim=\dimen338
\subfiglist_current_canvas_height_dim=\dimen339
Package microtype Info: Setting up font `T1/lmr/m/n/10' on input line 556.
Package microtype Info: ... Loading protrusion list `lmr-T1'.
Package microtype Info: ... : First loading protrusion list `cmr-T1'.
Package microtype Info: ... : First loading protrusion list `cmr-default'.
Package microtype Info: Setting up font `T1/lmr/bx/n/10' on input line 556.
Package microtype Info: ... Loading protrusion list `lmr-T1'.
Package microtype Info: ... : First loading protrusion list `cmr-T1'.
Package microtype Info: ... : First loading protrusion list `cmr-default'.
Package microtype Info: Setting up font `T1/lmss/bx/n/10' on input line 556.
Package microtype Info: ... Loading protrusion list `T1-default'.
Package microtype Info: ... : First loading protrusion list `default'.
File: figures/02.png Graphic file (type bmp)
<figures/02.png>
File: figures/03.png Graphic file (type bmp)
<figures/03.png>
File: figures/04.png Graphic file (type bmp)
<figures/04.png>
File: figures/05.png Graphic file (type bmp)
<figures/05.png>
File: figures/06.png Graphic file (type bmp)
<figures/06.png>

LaTeX Warning: `h' float specifier changed to `ht'.


Overfull \hbox (25.18835pt too wide) in paragraph at lines 567--568
\T1/lmr/m/n/12 vi-ron-ment with [][]\T1/lmtt/m/n/12 \unitlength []\T1/lmr/m/n/1
2 be-ing equal to the width of the im-age ref-er-enced by \T1/lmtt/m/n/12 image
-number\T1/lmr/m/n/12 . 
 []

Package microtype Info: *** Changing to language context `american'
(microtype)              on input line 568.
[8]
File: figures/01.png Graphic file (type bmp)
<figures/01.png>
File: figures/02.png Graphic file (type bmp)
<figures/02.png>
File: figures/01.png Graphic file (type bmp)
<figures/01.png>
\subfiglist_current_canvas_num_18_int=\count326
\subfiglist_current_canvas_width_18_dim=\dimen340
\subfiglist_current_canvas_height_18_dim=\dimen341
File: figures/02.png Graphic file (type bmp)
<figures/02.png>


LaTeX Warning: `h' float specifier changed to `ht'.

Package microtype Info: *** Changing to language context `american'
(microtype)              on input line 638.
[9]
File: figures/01.png Graphic file (type bmp)
<figures/01.png>
File: figures/02.png Graphic file (type bmp)
<figures/02.png>
File: figures/01.png Graphic file (type bmp)
<figures/01.png>
File: figures/02.png Graphic file (type bmp)
<figures/02.png>
Package microtype Info: *** Changing to language context `american'
(microtype)              on input line 719.
 [10]
LaTeX Font Info:    Try loading font information for TS1+lmr on input line 724.

 (/usr/local/texlive/2019/texmf-dist/tex/latex/lm/ts1lmr.fd
File: ts1lmr.fd 2009/10/30 v1.6 Font defs for Latin Modern
)
Package microtype Info: Setting up font `TS1/lmr/m/n/12' on input line 724.
Package microtype Info: ... Loading protrusion list `cmr-textcomp'.
Package microtype Info: *** Changing to language context `american'
(microtype)              on input line 727.
 [11]
\subfiglist_identifier_count_7_int=\count327
\subfiglist_canvas_num_7_int=\count328
File: figures/02.png Graphic file (type bmp)
<figures/02.png>
File: figures/02.png Graphic file (type bmp)
<figures/02.png>
File: figures/02.png Graphic file (type bmp)
<figures/02.png>
File: figures/02.png Graphic file (type bmp)
<figures/02.png>
\subfiglist_line_height_7_dim=\dimen342
\subfiglist_column_width_7_dim=\dimen343
\subfiglist_effective_hoff_7_dim=\dimen344
\subfiglist_effective_voff_7_dim=\dimen345
\subfiglist_canvas_hoff_8_dim=\dimen346
\subfiglist_canvas_voff_8_dim=\dimen347
\subfiglist_canvas_hoff_9_dim=\dimen348
\subfiglist_canvas_voff_9_dim=\dimen349
\subfiglist_canvas_hoff_10_dim=\dimen350
\subfiglist_canvas_voff_10_dim=\dimen351
\subfiglist_line_height_8_dim=\dimen352
\subfiglist_column_width_8_dim=\dimen353
\subfiglist_effective_hoff_8_dim=\dimen354
\subfiglist_effective_voff_8_dim=\dimen355
\subfiglist_line_height_9_dim=\dimen356
\subfiglist_column_width_9_dim=\dimen357
\subfiglist_effective_hoff_9_dim=\dimen358
\subfiglist_effective_voff_9_dim=\dimen359
\subfiglist_current_line_height_11_dim=\dimen360
\subfiglist_current_line_height_16_dim=\dimen361
\subfiglist_current_canvas_num_16_int=\count329
\subfiglist_current_canvas_num_23_int=\count330
\subfiglist_current_canvas_num_32_int=\count331
File: figures/02.png Graphic file (type bmp)
<figures/02.png>
\subfiglist_current_newline_height_15_dim=\dimen362
File: figures/02.png Graphic file (type bmp)
<figures/02.png>
File: figures/02.png Graphic file (type bmp)
<figures/02.png>
\subfiglist_current_canvas_num_11_int=\count332
File: figures/02.png Graphic file (type bmp)
<figures/02.png>
Package atveryend Info: Empty hook `BeforeClearDocument' on input line 742.
Package microtype Info: *** Changing to language context `american'
(microtype)              on input line 742.

[12]
Package atveryend Info: Empty hook `AfterLastShipout' on input line 742.
 (./subfiglist.aux
Package microtype Info: *** Changing to language context `american'
(microtype)              on input line 21.
)
Package atveryend Info: Empty hook `AtVeryEndDocument' on input line 742.
Package atveryend Info: Executing hook `AtEndAfterFileList' on input line 742.
Package rerunfilecheck Info: File `subfiglist.out' has not changed.
(rerunfilecheck)             Checksum: D41D8CD98F00B204E9800998ECF8427E.
 ) 
Here is how much of TeX's memory you used:
 36021 strings out of 492909
 674440 string characters out of 6132923
 890062 words of memory out of 5000000
 39655 multiletter control sequences out of 15000+600000
 613702 words of font info for 82 fonts, out of 8000000 for 9000
 1348 hyphenation exceptions out of 8191
 62i,18n,115p,9089b,1101s stack positions out of 5000i,500n,10000p,200000b,80000s

Output written on subfiglist.pdf (12 pages).
